<?xml version="1.0" encoding="UTF-8"?>
<!-- Generated by org.testng.reporters.JUnitReportReporter -->
<testsuite hostname="DESKTOP-6JUH33A" failures="0" tests="1" name="com.sauslab.testcases.inventorytest" time="8.665" errors="0" timestamp="2023-03-07T11:13:43 IST" skipped="0">
  <testcase classname="com.sauslab.testcases.inventorytest" name="addtocart" time="8.665"/>
  <system-out/>
</testsuite> <!-- com.sauslab.testcases.inventorytest -->
