<?xml version="1.0" encoding="UTF-8"?>
<!-- Generated by org.testng.reporters.JUnitReportReporter -->
<testsuite hostname="LAPTOP-2HG486VE" failures="0" tests="3" name="com.sauslab.testcases.checkoutsecondtest" time="151.216" errors="0" timestamp="2023-08-15T18:16:17 IST" skipped="0">
  <testcase classname="com.sauslab.testcases.checkoutsecondtest" name="CH_3" time="50.755"/>
  <system-out/>
  <testcase classname="com.sauslab.testcases.checkoutsecondtest" name="CH_1" time="50.491"/>
  <system-out/>
  <testcase classname="com.sauslab.testcases.checkoutsecondtest" name="CH_2" time="49.970"/>
  <system-out/>
</testsuite> <!-- com.sauslab.testcases.checkoutsecondtest -->
