<?xml version="1.0" encoding="UTF-8"?>
<!-- Generated by org.testng.reporters.JUnitReportReporter -->
<testsuite hostname="DESKTOP-6JUH33A" failures="0" tests="1" name="com.sauslab.testcases.checkoutcompletetest" time="15.325" errors="0" timestamp="2023-03-07T11:13:43 IST" skipped="0">
  <testcase classname="com.sauslab.testcases.checkoutcompletetest" name="CH_1" time="15.325"/>
  <system-out/>
</testsuite> <!-- com.sauslab.testcases.checkoutcompletetest -->
