<?xml version="1.0" encoding="UTF-8"?>
<!-- Generated by org.testng.reporters.JUnitReportReporter -->
<testsuite hostname="LAPTOP-2HG486VE" failures="0" tests="4" name="com.sauslab.testcases.cartTest" time="195.411" errors="0" timestamp="2023-08-15T18:16:17 IST" skipped="0">
  <testcase classname="com.sauslab.testcases.cartTest" name="carttest3" time="48.646"/>
  <system-out/>
  <testcase classname="com.sauslab.testcases.cartTest" name="carttest1" time="48.737"/>
  <system-out/>
  <testcase classname="com.sauslab.testcases.cartTest" name="carttest" time="48.871"/>
  <system-out/>
  <testcase classname="com.sauslab.testcases.cartTest" name="carttest2" time="49.157"/>
  <system-out/>
</testsuite> <!-- com.sauslab.testcases.cartTest -->
