<?xml version="1.0" encoding="UTF-8"?>
<!-- Generated by org.testng.reporters.JUnitReportReporter -->
<testsuite hostname="LAPTOP-2HG486VE" failures="0" tests="2" name="com.sauslab.testcases.checkoutonetest" time="88.397" errors="0" timestamp="2023-08-16T21:25:24 IST" skipped="0">
  <testcase classname="com.sauslab.testcases.checkoutonetest" name="CO2" time="44.651"/>
  <system-out/>
  <testcase classname="com.sauslab.testcases.checkoutonetest" name="CO1" time="43.746"/>
  <system-out/>
</testsuite> <!-- com.sauslab.testcases.checkoutonetest -->
