<?xml version="1.0" encoding="UTF-8"?>
<!-- Generated by org.testng.reporters.JUnitReportReporter -->
<testsuite hostname="LAPTOP-2HG486VE" failures="0" tests="2" name="com.sauslab.testcases.checkoutonetest" time="98.579" errors="0" timestamp="2023-08-15T18:16:17 IST" skipped="0">
  <testcase classname="com.sauslab.testcases.checkoutonetest" name="CO2" time="49.908"/>
  <system-out/>
  <testcase classname="com.sauslab.testcases.checkoutonetest" name="CO1" time="48.671"/>
  <system-out/>
</testsuite> <!-- com.sauslab.testcases.checkoutonetest -->
