<?xml version="1.0" encoding="UTF-8"?>
<!-- Generated by org.testng.reporters.JUnitReportReporter -->
<testsuite hostname="DESKTOP-6JUH33A" failures="0" tests="3" name="com.sauslab.testcases.cartTest" time="23.985" errors="0" timestamp="2023-03-07T11:13:43 IST" skipped="0">
  <testcase classname="com.sauslab.testcases.cartTest" name="carttest2" time="10.739"/>
  <system-out/>
  <testcase classname="com.sauslab.testcases.cartTest" name="carttest1" time="5.221"/>
  <system-out/>
  <testcase classname="com.sauslab.testcases.cartTest" name="carttest" time="8.025"/>
  <system-out/>
</testsuite> <!-- com.sauslab.testcases.cartTest -->
