<?xml version="1.0" encoding="UTF-8"?>
<!-- Generated by org.testng.reporters.JUnitReportReporter -->
<testsuite hostname="LAPTOP-2HG486VE" failures="0" tests="3" name="com.sauslab.testcases.checkoutsecondtest" time="134.231" errors="0" timestamp="2023-08-16T21:25:24 IST" skipped="0">
  <testcase classname="com.sauslab.testcases.checkoutsecondtest" name="CH_1" time="45.875"/>
  <system-out/>
  <testcase classname="com.sauslab.testcases.checkoutsecondtest" name="CH_3" time="43.983"/>
  <system-out/>
  <testcase classname="com.sauslab.testcases.checkoutsecondtest" name="CH_2" time="44.373"/>
  <system-out/>
</testsuite> <!-- com.sauslab.testcases.checkoutsecondtest -->
