<?xml version="1.0" encoding="UTF-8"?>
<!-- Generated by org.testng.reporters.JUnitReportReporter -->
<testsuite hostname="LAPTOP-2HG486VE" failures="0" tests="2" name="com.sauslab.testcases.logintest" time="84.090" errors="0" timestamp="2023-08-16T21:25:24 IST" skipped="0">
  <testcase classname="com.sauslab.testcases.logintest" name="verifyTitle" time="41.203"/>
  <system-out/>
  <testcase classname="com.sauslab.testcases.logintest" name="loginTest" time="42.887"/>
  <system-out/>
</testsuite> <!-- com.sauslab.testcases.logintest -->
