<?xml version="1.0" encoding="UTF-8"?>
<!-- Generated by org.testng.reporters.JUnitReportReporter -->
<testsuite hostname="LAPTOP-2HG486VE" failures="0" tests="2" name="com.sauslab.testcases.logintest" time="105.437" errors="0" timestamp="2023-08-15T18:27:42 IST" skipped="0">
  <testcase classname="com.sauslab.testcases.logintest" name="verifyTitle" time="47.787"/>
  <system-out/>
  <testcase classname="com.sauslab.testcases.logintest" name="loginTest" time="57.650"/>
  <system-out/>
</testsuite> <!-- com.sauslab.testcases.logintest -->
