<?xml version="1.0" encoding="UTF-8"?>
<!-- Generated by org.testng.reporters.JUnitReportReporter -->
<testsuite hostname="LAPTOP-2HG486VE" failures="0" tests="4" name="com.sauslab.testcases.cartTest" time="171.967" errors="0" timestamp="2023-08-16T21:25:24 IST" skipped="0">
  <testcase classname="com.sauslab.testcases.cartTest" name="carttest3" time="43.237"/>
  <system-out/>
  <testcase classname="com.sauslab.testcases.cartTest" name="carttest" time="43.650"/>
  <system-out/>
  <testcase classname="com.sauslab.testcases.cartTest" name="carttest1" time="42.319"/>
  <system-out/>
  <testcase classname="com.sauslab.testcases.cartTest" name="carttest2" time="42.761"/>
  <system-out/>
</testsuite> <!-- com.sauslab.testcases.cartTest -->
