<?xml version="1.0" encoding="UTF-8"?>
<!-- Generated by org.testng.reporters.JUnitReportReporter -->
<testsuite hostname="DESKTOP-6JUH33A" failures="0" tests="2" name="com.sauslab.testcases.logintest" time="13.798" errors="0" timestamp="2023-03-07T17:45:02 IST" skipped="0">
  <testcase classname="com.sauslab.testcases.logintest" name="loginTest" time="8.741"/>
  <system-out/>
  <testcase classname="com.sauslab.testcases.logintest" name="verifyTitle" time="5.057"/>
  <system-out/>
</testsuite> <!-- com.sauslab.testcases.logintest -->
